<?xml version="1.0" encoding="UTF-8"?>
<coverage generated="1689766922065" clover="3.2.0">
  <project timestamp="1689766922065" name="All files">
    <metrics statements="42" coveredstatements="33" conditionals="34" coveredconditionals="25" methods="7" coveredmethods="7" elements="83" coveredelements="65" complexity="0" loc="42" ncloc="42" packages="1" files="4" classes="4"/>
    <file name="calculator.js" path="C:\Users\Kamilio\Desktop\module2\Testing-practice\calculator.js">
      <metrics statements="29" coveredstatements="21" conditionals="30" coveredconditionals="22" methods="4" coveredmethods="4"/>
      <line num="5" count="3" type="stmt"/>
      <line num="6" count="3" type="cond" truecount="3" falsecount="1"/>
      <line num="8" count="3" type="cond" truecount="3" falsecount="1"/>
      <line num="10" count="3" type="stmt"/>
      <line num="13" count="0" type="stmt"/>
      <line num="18" count="0" type="stmt"/>
      <line num="21" count="3" type="stmt"/>
      <line num="26" count="3" type="stmt"/>
      <line num="27" count="3" type="cond" truecount="5" falsecount="1"/>
      <line num="29" count="3" type="cond" truecount="1" falsecount="1"/>
      <line num="31" count="3" type="stmt"/>
      <line num="34" count="0" type="stmt"/>
      <line num="38" count="0" type="stmt"/>
      <line num="40" count="3" type="stmt"/>
      <line num="45" count="3" type="stmt"/>
      <line num="46" count="3" type="cond" truecount="1" falsecount="1"/>
      <line num="48" count="3" type="cond" truecount="3" falsecount="1"/>
      <line num="49" count="3" type="stmt"/>
      <line num="51" count="0" type="stmt"/>
      <line num="55" count="0" type="stmt"/>
      <line num="57" count="3" type="stmt"/>
      <line num="62" count="3" type="stmt"/>
      <line num="63" count="3" type="cond" truecount="3" falsecount="1"/>
      <line num="65" count="3" type="cond" truecount="3" falsecount="1"/>
      <line num="67" count="3" type="stmt"/>
      <line num="70" count="0" type="stmt"/>
      <line num="75" count="0" type="stmt"/>
      <line num="77" count="3" type="stmt"/>
      <line num="81" count="1" type="stmt"/>
    </file>
    <file name="capitalize.js" path="C:\Users\Kamilio\Desktop\module2\Testing-practice\capitalize.js">
      <metrics statements="4" coveredstatements="4" conditionals="0" coveredconditionals="0" methods="1" coveredmethods="1"/>
      <line num="1" count="1" type="stmt"/>
      <line num="2" count="1" type="stmt"/>
      <line num="3" count="1" type="stmt"/>
      <line num="6" count="1" type="stmt"/>
    </file>
    <file name="characterscount.js" path="C:\Users\Kamilio\Desktop\module2\Testing-practice\characterscount.js">
      <metrics statements="6" coveredstatements="5" conditionals="4" coveredconditionals="3" methods="1" coveredmethods="1"/>
      <line num="1" count="1" type="stmt"/>
      <line num="2" count="2" type="stmt"/>
      <line num="3" count="2" type="cond" truecount="3" falsecount="1"/>
      <line num="5" count="0" type="stmt"/>
      <line num="7" count="2" type="stmt"/>
      <line num="10" count="1" type="stmt"/>
    </file>
    <file name="reversed.js" path="C:\Users\Kamilio\Desktop\module2\Testing-practice\reversed.js">
      <metrics statements="3" coveredstatements="3" conditionals="0" coveredconditionals="0" methods="1" coveredmethods="1"/>
      <line num="1" count="1" type="stmt"/>
      <line num="2" count="1" type="stmt"/>
      <line num="5" count="1" type="stmt"/>
    </file>
  </project>
</coverage>
