{"C:\\Users\\Kamilio\\Desktop\\module2\\Testing-practice\\calculator.js": {"path":"C:\\Users\\Kamilio\\Desktop\\module2\\Testing-practice\\calculator.js","statementMap":{"0":{"start":{"line":5,"column":14},"end":{"line":5,"column":15}},"1":{"start":{"line":6,"column":4},"end":{"line":19,"column":5}},"2":{"start":{"line":8,"column":6},"end":{"line":14,"column":7}},"3":{"start":{"line":10,"column":8},"end":{"line":10,"column":19}},"4":{"start":{"line":13,"column":8},"end":{"line":13,"column":60}},"5":{"start":{"line":18,"column":6},"end":{"line":18,"column":54}},"6":{"start":{"line":21,"column":4},"end":{"line":21,"column":15}},"7":{"start":{"line":26,"column":14},"end":{"line":26,"column":15}},"8":{"start":{"line":27,"column":4},"end":{"line":39,"column":5}},"9":{"start":{"line":29,"column":6},"end":{"line":35,"column":7}},"10":{"start":{"line":31,"column":8},"end":{"line":31,"column":20}},"11":{"start":{"line":34,"column":8},"end":{"line":34,"column":51}},"12":{"start":{"line":38,"column":6},"end":{"line":38,"column":57}},"13":{"start":{"line":40,"column":4},"end":{"line":40,"column":15}},"14":{"start":{"line":45,"column":12},"end":{"line":45,"column":13}},"15":{"start":{"line":46,"column":4},"end":{"line":56,"column":5}},"16":{"start":{"line":48,"column":6},"end":{"line":52,"column":7}},"17":{"start":{"line":49,"column":8},"end":{"line":49,"column":16}},"18":{"start":{"line":51,"column":8},"end":{"line":51,"column":59}},"19":{"start":{"line":55,"column":6},"end":{"line":55,"column":46}},"20":{"start":{"line":57,"column":4},"end":{"line":57,"column":13}},"21":{"start":{"line":62,"column":12},"end":{"line":62,"column":13}},"22":{"start":{"line":63,"column":4},"end":{"line":76,"column":5}},"23":{"start":{"line":65,"column":6},"end":{"line":71,"column":7}},"24":{"start":{"line":67,"column":8},"end":{"line":67,"column":17}},"25":{"start":{"line":70,"column":8},"end":{"line":70,"column":50}},"26":{"start":{"line":75,"column":6},"end":{"line":75,"column":49}},"27":{"start":{"line":77,"column":4},"end":{"line":77,"column":12}},"28":{"start":{"line":81,"column":0},"end":{"line":81,"column":27}}},"fnMap":{"0":{"name":"(anonymous_0)","decl":{"start":{"line":4,"column":2},"end":{"line":4,"column":3}},"loc":{"start":{"line":4,"column":13},"end":{"line":22,"column":3}},"line":4},"1":{"name":"(anonymous_1)","decl":{"start":{"line":24,"column":2},"end":{"line":24,"column":3}},"loc":{"start":{"line":25,"column":2},"end":{"line":41,"column":3}},"line":25},"2":{"name":"(anonymous_2)","decl":{"start":{"line":43,"column":2},"end":{"line":43,"column":3}},"loc":{"start":{"line":44,"column":2},"end":{"line":58,"column":3}},"line":44},"3":{"name":"(anonymous_3)","decl":{"start":{"line":60,"column":2},"end":{"line":60,"column":3}},"loc":{"start":{"line":61,"column":2},"end":{"line":78,"column":3}},"line":61}},"branchMap":{"0":{"loc":{"start":{"line":6,"column":4},"end":{"line":19,"column":5}},"type":"if","locations":[{"start":{"line":6,"column":4},"end":{"line":19,"column":5}},{"start":{"line":17,"column":4},"end":{"line":19,"column":5}}],"line":6},"1":{"loc":{"start":{"line":6,"column":8},"end":{"line":6,"column":24}},"type":"binary-expr","locations":[{"start":{"line":6,"column":8},"end":{"line":6,"column":14}},{"start":{"line":6,"column":18},"end":{"line":6,"column":24}}],"line":6},"2":{"loc":{"start":{"line":8,"column":6},"end":{"line":14,"column":7}},"type":"if","locations":[{"start":{"line":8,"column":6},"end":{"line":14,"column":7}},{"start":{"line":12,"column":10},"end":{"line":14,"column":7}}],"line":8},"3":{"loc":{"start":{"line":8,"column":9},"end":{"line":8,"column":31}},"type":"binary-expr","locations":[{"start":{"line":8,"column":9},"end":{"line":8,"column":18}},{"start":{"line":8,"column":22},"end":{"line":8,"column":31}}],"line":8},"4":{"loc":{"start":{"line":27,"column":4},"end":{"line":39,"column":5}},"type":"if","locations":[{"start":{"line":27,"column":4},"end":{"line":39,"column":5}},{"start":{"line":37,"column":8},"end":{"line":39,"column":5}}],"line":27},"5":{"loc":{"start":{"line":27,"column":7},"end":{"line":27,"column":45}},"type":"binary-expr","locations":[{"start":{"line":27,"column":7},"end":{"line":27,"column":12}},{"start":{"line":27,"column":16},"end":{"line":27,"column":23}},{"start":{"line":27,"column":27},"end":{"line":27,"column":33}},{"start":{"line":27,"column":37},"end":{"line":27,"column":45}}],"line":27},"6":{"loc":{"start":{"line":29,"column":6},"end":{"line":35,"column":7}},"type":"if","locations":[{"start":{"line":29,"column":6},"end":{"line":35,"column":7}},{"start":{"line":33,"column":11},"end":{"line":35,"column":7}}],"line":29},"7":{"loc":{"start":{"line":46,"column":4},"end":{"line":56,"column":5}},"type":"if","locations":[{"start":{"line":46,"column":4},"end":{"line":56,"column":5}},{"start":{"line":54,"column":9},"end":{"line":56,"column":5}}],"line":46},"8":{"loc":{"start":{"line":48,"column":6},"end":{"line":52,"column":7}},"type":"if","locations":[{"start":{"line":48,"column":6},"end":{"line":52,"column":7}},{"start":{"line":50,"column":11},"end":{"line":52,"column":7}}],"line":48},"9":{"loc":{"start":{"line":48,"column":9},"end":{"line":48,"column":23}},"type":"binary-expr","locations":[{"start":{"line":48,"column":9},"end":{"line":48,"column":14}},{"start":{"line":48,"column":18},"end":{"line":48,"column":23}}],"line":48},"10":{"loc":{"start":{"line":63,"column":4},"end":{"line":76,"column":5}},"type":"if","locations":[{"start":{"line":63,"column":4},"end":{"line":76,"column":5}},{"start":{"line":74,"column":4},"end":{"line":76,"column":5}}],"line":63},"11":{"loc":{"start":{"line":63,"column":8},"end":{"line":63,"column":24}},"type":"binary-expr","locations":[{"start":{"line":63,"column":8},"end":{"line":63,"column":14}},{"start":{"line":63,"column":18},"end":{"line":63,"column":24}}],"line":63},"12":{"loc":{"start":{"line":65,"column":6},"end":{"line":71,"column":7}},"type":"if","locations":[{"start":{"line":65,"column":6},"end":{"line":71,"column":7}},{"start":{"line":69,"column":10},"end":{"line":71,"column":7}}],"line":65},"13":{"loc":{"start":{"line":65,"column":10},"end":{"line":65,"column":52}},"type":"binary-expr","locations":[{"start":{"line":65,"column":10},"end":{"line":65,"column":29}},{"start":{"line":65,"column":33},"end":{"line":65,"column":52}}],"line":65}},"s":{"0":3,"1":3,"2":3,"3":3,"4":0,"5":0,"6":3,"7":3,"8":3,"9":3,"10":3,"11":0,"12":0,"13":3,"14":3,"15":3,"16":3,"17":3,"18":0,"19":0,"20":3,"21":3,"22":3,"23":3,"24":3,"25":0,"26":0,"27":3,"28":1},"f":{"0":3,"1":3,"2":3,"3":3},"b":{"0":[3,0],"1":[3,3],"2":[3,0],"3":[3,3],"4":[3,0],"5":[3,3,3,3],"6":[3,0],"7":[3,0],"8":[3,0],"9":[3,3],"10":[3,0],"11":[3,3],"12":[3,0],"13":[3,3]},"_coverageSchema":"1a1c01bbd47fc00a2c39e90264f33305004495a9","hash":"d231801a5f72199dca44eb4a095359e6d2b5fbdd"}
,"C:\\Users\\Kamilio\\Desktop\\module2\\Testing-practice\\capitalize.js": {"path":"C:\\Users\\Kamilio\\Desktop\\module2\\Testing-practice\\capitalize.js","statementMap":{"0":{"start":{"line":1,"column":19},"end":{"line":4,"column":1}},"1":{"start":{"line":2,"column":17},"end":{"line":2,"column":65}},"2":{"start":{"line":3,"column":2},"end":{"line":3,"column":15}},"3":{"start":{"line":6,"column":0},"end":{"line":6,"column":27}}},"fnMap":{"0":{"name":"(anonymous_0)","decl":{"start":{"line":1,"column":19},"end":{"line":1,"column":20}},"loc":{"start":{"line":1,"column":31},"end":{"line":4,"column":1}},"line":1}},"branchMap":{},"s":{"0":1,"1":1,"2":1,"3":1},"f":{"0":1},"b":{},"_coverageSchema":"1a1c01bbd47fc00a2c39e90264f33305004495a9","hash":"a8a192cdb378e3ab409c3d3a9036a063033de4b7"}
,"C:\\Users\\Kamilio\\Desktop\\module2\\Testing-practice\\characterscount.js": {"path":"C:\\Users\\Kamilio\\Desktop\\module2\\Testing-practice\\characterscount.js","statementMap":{"0":{"start":{"line":1,"column":21},"end":{"line":8,"column":1}},"1":{"start":{"line":2,"column":12},"end":{"line":2,"column":25}},"2":{"start":{"line":3,"column":2},"end":{"line":6,"column":3}},"3":{"start":{"line":5,"column":4},"end":{"line":5,"column":89}},"4":{"start":{"line":7,"column":2},"end":{"line":7,"column":11}},"5":{"start":{"line":10,"column":0},"end":{"line":10,"column":29}}},"fnMap":{"0":{"name":"(anonymous_0)","decl":{"start":{"line":1,"column":21},"end":{"line":1,"column":22}},"loc":{"start":{"line":1,"column":33},"end":{"line":8,"column":1}},"line":1}},"branchMap":{"0":{"loc":{"start":{"line":3,"column":2},"end":{"line":6,"column":3}},"type":"if","locations":[{"start":{"line":3,"column":2},"end":{"line":6,"column":3}},{"start":{},"end":{}}],"line":3},"1":{"loc":{"start":{"line":3,"column":6},"end":{"line":3,"column":21}},"type":"binary-expr","locations":[{"start":{"line":3,"column":6},"end":{"line":3,"column":11}},{"start":{"line":3,"column":15},"end":{"line":3,"column":21}}],"line":3}},"s":{"0":1,"1":2,"2":2,"3":0,"4":2,"5":1},"f":{"0":2},"b":{"0":[0,2],"1":[2,2]},"_coverageSchema":"1a1c01bbd47fc00a2c39e90264f33305004495a9","hash":"c10641f64dd78504ee17df7f1da024ce9a4c1a82"}
,"C:\\Users\\Kamilio\\Desktop\\module2\\Testing-practice\\reversed.js": {"path":"C:\\Users\\Kamilio\\Desktop\\module2\\Testing-practice\\reversed.js","statementMap":{"0":{"start":{"line":1,"column":22},"end":{"line":3,"column":1}},"1":{"start":{"line":2,"column":2},"end":{"line":2,"column":45}},"2":{"start":{"line":5,"column":0},"end":{"line":5,"column":30}}},"fnMap":{"0":{"name":"(anonymous_0)","decl":{"start":{"line":1,"column":22},"end":{"line":1,"column":23}},"loc":{"start":{"line":1,"column":34},"end":{"line":3,"column":1}},"line":1}},"branchMap":{},"s":{"0":1,"1":1,"2":1},"f":{"0":1},"b":{},"_coverageSchema":"1a1c01bbd47fc00a2c39e90264f33305004495a9","hash":"0b41b1cc77311aeeaa1043be173be90d1f386089"}
}
