TN:
SF:calculator.js
FN:4,(anonymous_0)
FN:24,(anonymous_1)
FN:43,(anonymous_2)
FN:60,(anonymous_3)
FNF:4
FNH:4
FNDA:3,(anonymous_0)
FNDA:3,(anonymous_1)
FNDA:3,(anonymous_2)
FNDA:3,(anonymous_3)
DA:5,3
DA:6,3
DA:8,3
DA:10,3
DA:13,0
DA:18,0
DA:21,3
DA:26,3
DA:27,3
DA:29,3
DA:31,3
DA:34,0
DA:38,0
DA:40,3
DA:45,3
DA:46,3
DA:48,3
DA:49,3
DA:51,0
DA:55,0
DA:57,3
DA:62,3
DA:63,3
DA:65,3
DA:67,3
DA:70,0
DA:75,0
DA:77,3
DA:81,1
LF:29
LH:21
BRDA:6,0,0,3
BRDA:6,0,1,0
BRDA:6,1,0,3
BRDA:6,1,1,3
BRDA:8,2,0,3
BRDA:8,2,1,0
BRDA:8,3,0,3
BRDA:8,3,1,3
BRDA:27,4,0,3
BRDA:27,4,1,0
BRDA:27,5,0,3
BRDA:27,5,1,3
BRDA:27,5,2,3
BRDA:27,5,3,3
BRDA:29,6,0,3
BRDA:29,6,1,0
BRDA:46,7,0,3
BRDA:46,7,1,0
BRDA:48,8,0,3
BRDA:48,8,1,0
BRDA:48,9,0,3
BRDA:48,9,1,3
BRDA:63,10,0,3
BRDA:63,10,1,0
BRDA:63,11,0,3
BRDA:63,11,1,3
BRDA:65,12,0,3
BRDA:65,12,1,0
BRDA:65,13,0,3
BRDA:65,13,1,3
BRF:30
BRH:22
end_of_record
TN:
SF:capitalize.js
FN:1,(anonymous_0)
FNF:1
FNH:1
FNDA:1,(anonymous_0)
DA:1,1
DA:2,1
DA:3,1
DA:6,1
LF:4
LH:4
BRF:0
BRH:0
end_of_record
TN:
SF:characterscount.js
FN:1,(anonymous_0)
FNF:1
FNH:1
FNDA:2,(anonymous_0)
DA:1,1
DA:2,2
DA:3,2
DA:5,0
DA:7,2
DA:10,1
LF:6
LH:5
BRDA:3,0,0,0
BRDA:3,0,1,2
BRDA:3,1,0,2
BRDA:3,1,1,2
BRF:4
BRH:3
end_of_record
TN:
SF:reversed.js
FN:1,(anonymous_0)
FNF:1
FNH:1
FNDA:1,(anonymous_0)
DA:1,1
DA:2,1
DA:5,1
LF:3
LH:3
BRF:0
BRH:0
end_of_record
